<?xml version="1.0" encoding="UTF-8"?>
<!-- Generated by org.testng.reporters.JUnitXMLReporter -->
<testsuite ignored="1" hostname="Ravi-PC" failures="0" tests="1" name="Test" time="25.865" errors="0" timestamp="29 Nov 2021 06:22:44 GMT">
  <testcase classname="testcases.T02_loginRunner" name="userLoginValidation" time="25.789"/>
  <testcase classname="testcases.T03_userRegRunner" name="userRegValidation" time="0.0">
    <ignored/>
  </testcase> <!-- userRegValidation -->
</testsuite> <!-- Test -->
